c:\users\yanxi\onedrive - university of calgary\code\clas_test_library_ver040\clas_test_library_ver072\clas_test_library_ver072\util\ssr2osr\ssr2osr_vs\ssr2osr_vs\debug\vc142.pdb
c:\users\yanxi\onedrive - university of calgary\code\clas_test_library_ver040\clas_test_library_ver072\clas_test_library_ver072\util\ssr2osr\ssr2osr_vs\ssr2osr_vs\debug\vc142.idb
c:\users\yanxi\onedrive - university of calgary\code\clas_test_library_ver040\clas_test_library_ver072\clas_test_library_ver072\util\ssr2osr\ssr2osr_vs\ssr2osr_vs\debug\rtcm3.obj
c:\users\yanxi\onedrive - university of calgary\code\clas_test_library_ver040\clas_test_library_ver072\clas_test_library_ver072\util\ssr2osr\ssr2osr_vs\ssr2osr_vs\debug\rtcm2.obj
c:\users\yanxi\onedrive - university of calgary\code\clas_test_library_ver040\clas_test_library_ver072\clas_test_library_ver072\util\ssr2osr\ssr2osr_vs\ssr2osr_vs\debug\rtcm.obj
c:\users\yanxi\onedrive - university of calgary\code\clas_test_library_ver040\clas_test_library_ver072\clas_test_library_ver072\util\ssr2osr\ssr2osr_vs\ssr2osr_vs\debug\rinex.obj
c:\users\yanxi\onedrive - university of calgary\code\clas_test_library_ver040\clas_test_library_ver072\clas_test_library_ver072\util\ssr2osr\ssr2osr_vs\ssr2osr_vs\debug\rcvraw.obj
c:\users\yanxi\onedrive - university of calgary\code\clas_test_library_ver040\clas_test_library_ver072\clas_test_library_ver072\util\ssr2osr\ssr2osr_vs\ssr2osr_vs\debug\qzslex.obj
c:\users\yanxi\onedrive - university of calgary\code\clas_test_library_ver040\clas_test_library_ver072\clas_test_library_ver072\util\ssr2osr\ssr2osr_vs\ssr2osr_vs\debug\preceph.obj
c:\users\yanxi\onedrive - university of calgary\code\clas_test_library_ver040\clas_test_library_ver072\clas_test_library_ver072\util\ssr2osr\ssr2osr_vs\ssr2osr_vs\debug\ppp_ar.obj
c:\users\yanxi\onedrive - university of calgary\code\clas_test_library_ver040\clas_test_library_ver072\clas_test_library_ver072\util\ssr2osr\ssr2osr_vs\ssr2osr_vs\debug\ppp.obj
c:\users\yanxi\onedrive - university of calgary\code\clas_test_library_ver040\clas_test_library_ver072\clas_test_library_ver072\util\ssr2osr\ssr2osr_vs\ssr2osr_vs\debug\postpos.obj
c:\users\yanxi\onedrive - university of calgary\code\clas_test_library_ver040\clas_test_library_ver072\clas_test_library_ver072\util\ssr2osr\ssr2osr_vs\ssr2osr_vs\debug\pntpos.obj
c:\users\yanxi\onedrive - university of calgary\code\clas_test_library_ver040\clas_test_library_ver072\clas_test_library_ver072\util\ssr2osr\ssr2osr_vs\ssr2osr_vs\debug\options.obj
c:\users\yanxi\onedrive - university of calgary\code\clas_test_library_ver040\clas_test_library_ver072\clas_test_library_ver072\util\ssr2osr\ssr2osr_vs\ssr2osr_vs\debug\lambda.obj
c:\users\yanxi\onedrive - university of calgary\code\clas_test_library_ver040\clas_test_library_ver072\clas_test_library_ver072\util\ssr2osr\ssr2osr_vs\ssr2osr_vs\debug\isb.obj
c:\users\yanxi\onedrive - university of calgary\code\clas_test_library_ver040\clas_test_library_ver072\clas_test_library_ver072\util\ssr2osr\ssr2osr_vs\ssr2osr_vs\debug\ionex.obj
c:\users\yanxi\onedrive - university of calgary\code\clas_test_library_ver040\clas_test_library_ver072\clas_test_library_ver072\util\ssr2osr\ssr2osr_vs\ssr2osr_vs\debug\grid.obj
c:\users\yanxi\onedrive - university of calgary\code\clas_test_library_ver040\clas_test_library_ver072\clas_test_library_ver072\util\ssr2osr\ssr2osr_vs\ssr2osr_vs\debug\geoid.obj
c:\users\yanxi\onedrive - university of calgary\code\clas_test_library_ver040\clas_test_library_ver072\clas_test_library_ver072\util\ssr2osr\ssr2osr_vs\ssr2osr_vs\debug\ephemeris.obj
c:\users\yanxi\onedrive - university of calgary\code\clas_test_library_ver040\clas_test_library_ver072\clas_test_library_ver072\util\ssr2osr\ssr2osr_vs\ssr2osr_vs\debug\cssr2osr.obj
c:\users\yanxi\onedrive - university of calgary\code\clas_test_library_ver040\clas_test_library_ver072\clas_test_library_ver072\util\ssr2osr\ssr2osr_vs\ssr2osr_vs\debug\cssr.obj
c:\users\yanxi\onedrive - university of calgary\code\clas_test_library_ver040\clas_test_library_ver072\clas_test_library_ver072\util\ssr2osr\ssr2osr_vs\ssr2osr_vs\debug\ssr2osr.obj
c:\users\yanxi\onedrive - university of calgary\code\clas_test_library_ver040\clas_test_library_ver072\clas_test_library_ver072\util\ssr2osr\ssr2osr_vs\ssr2osr_vs\debug\stec.obj
c:\users\yanxi\onedrive - university of calgary\code\clas_test_library_ver040\clas_test_library_ver072\clas_test_library_ver072\util\ssr2osr\ssr2osr_vs\ssr2osr_vs\debug\solution.obj
c:\users\yanxi\onedrive - university of calgary\code\clas_test_library_ver040\clas_test_library_ver072\clas_test_library_ver072\util\ssr2osr\ssr2osr_vs\ssr2osr_vs\debug\sbas.obj
c:\users\yanxi\onedrive - university of calgary\code\clas_test_library_ver040\clas_test_library_ver072\clas_test_library_ver072\util\ssr2osr\ssr2osr_vs\ssr2osr_vs\debug\rtkpos.obj
c:\users\yanxi\onedrive - university of calgary\code\clas_test_library_ver040\clas_test_library_ver072\clas_test_library_ver072\util\ssr2osr\ssr2osr_vs\ssr2osr_vs\debug\rtkcmn.obj
c:\users\yanxi\onedrive - university of calgary\code\clas_test_library_ver040\clas_test_library_ver072\clas_test_library_ver072\util\ssr2osr\ssr2osr_vs\ssr2osr_vs\debug\rtcm3e.obj
c:\users\yanxi\onedrive - university of calgary\code\clas_test_library_ver040\clas_test_library_ver072\clas_test_library_ver072\util\ssr2osr\ssr2osr_vs\debug\ssr2osr_vs.pdb
c:\users\yanxi\onedrive - university of calgary\code\clas_test_library_ver040\clas_test_library_ver072\clas_test_library_ver072\util\ssr2osr\ssr2osr_vs\ssr2osr_vs\debug\ssr2osr_vs.tlog\cl.command.1.tlog
c:\users\yanxi\onedrive - university of calgary\code\clas_test_library_ver040\clas_test_library_ver072\clas_test_library_ver072\util\ssr2osr\ssr2osr_vs\ssr2osr_vs\debug\ssr2osr_vs.tlog\cl.read.1.tlog
c:\users\yanxi\onedrive - university of calgary\code\clas_test_library_ver040\clas_test_library_ver072\clas_test_library_ver072\util\ssr2osr\ssr2osr_vs\ssr2osr_vs\debug\ssr2osr_vs.tlog\cl.write.1.tlog
c:\users\yanxi\onedrive - university of calgary\code\clas_test_library_ver040\clas_test_library_ver072\clas_test_library_ver072\util\ssr2osr\ssr2osr_vs\ssr2osr_vs\debug\ssr2osr_vs.tlog\link-cvtres.read.1.tlog
c:\users\yanxi\onedrive - university of calgary\code\clas_test_library_ver040\clas_test_library_ver072\clas_test_library_ver072\util\ssr2osr\ssr2osr_vs\ssr2osr_vs\debug\ssr2osr_vs.tlog\link-cvtres.write.1.tlog
c:\users\yanxi\onedrive - university of calgary\code\clas_test_library_ver040\clas_test_library_ver072\clas_test_library_ver072\util\ssr2osr\ssr2osr_vs\ssr2osr_vs\debug\ssr2osr_vs.tlog\link-rc.read.1.tlog
c:\users\yanxi\onedrive - university of calgary\code\clas_test_library_ver040\clas_test_library_ver072\clas_test_library_ver072\util\ssr2osr\ssr2osr_vs\ssr2osr_vs\debug\ssr2osr_vs.tlog\link-rc.write.1.tlog
c:\users\yanxi\onedrive - university of calgary\code\clas_test_library_ver040\clas_test_library_ver072\clas_test_library_ver072\util\ssr2osr\ssr2osr_vs\ssr2osr_vs\debug\ssr2osr_vs.tlog\link.command.1.tlog
c:\users\yanxi\onedrive - university of calgary\code\clas_test_library_ver040\clas_test_library_ver072\clas_test_library_ver072\util\ssr2osr\ssr2osr_vs\ssr2osr_vs\debug\ssr2osr_vs.tlog\link.read.1.tlog
c:\users\yanxi\onedrive - university of calgary\code\clas_test_library_ver040\clas_test_library_ver072\clas_test_library_ver072\util\ssr2osr\ssr2osr_vs\ssr2osr_vs\debug\ssr2osr_vs.tlog\link.write.1.tlog
